<?xml version="1.0" encoding="UTF-8"?>
<!-- Generated by org.testng.reporters.JUnitReportReporter -->
<testsuite hostname="DESKTOP-14E9C6J" failures="0" tests="1" name="com.sevenmartsupermarket.tests.EditProductTest" time="9.007" errors="0" timestamp="2025-05-31T20:38:35 IST" skipped="0">
  <testcase classname="com.sevenmartsupermarket.tests.EditProductTest" name="verifyEditMainImage" time="9.007"/>
</testsuite> <!-- com.sevenmartsupermarket.tests.EditProductTest -->
