<?xml version="1.0" encoding="UTF-8"?>
<!-- Generated by org.testng.reporters.JUnitReportReporter -->
<testsuite hostname="DESKTOP-14E9C6J" failures="0" tests="1" name="com.sevenmartsupermarket.tests.LoginTest" time="12.887" errors="0" timestamp="2025-05-25T14:27:45 IST" skipped="0">
  <testcase classname="com.sevenmartsupermarket.tests.LoginTest" name="dummyTestCase" time="12.887"/>
</testsuite> <!-- com.sevenmartsupermarket.tests.LoginTest -->
