<?xml version="1.0" encoding="UTF-8"?>
<!-- Generated by org.testng.reporters.JUnitReportReporter -->
<testsuite hostname="DESKTOP-14E9C6J" failures="0" tests="1" name="com.sevenmartsupermarket.tests.AdminUserTest" time="14.452" errors="0" timestamp="2025-05-28T12:36:09 IST" skipped="0">
  <testcase classname="com.sevenmartsupermarket.tests.AdminUserTest" name="verifyAdminUserPageNewButton" time="14.452"/>
</testsuite> <!-- com.sevenmartsupermarket.tests.AdminUserTest -->
