<?xml version="1.0" encoding="UTF-8"?>
<!-- Generated by org.testng.reporters.JUnitReportReporter -->
<testsuite hostname="DESKTOP-14E9C6J" failures="0" tests="3" name="com.sevenmartsupermarket.tests.ManageNewsTest" time="19.548" errors="0" timestamp="2025-05-26T21:23:20 IST" skipped="0">
  <testcase classname="com.sevenmartsupermarket.tests.ManageNewsTest" name="verifyAddNews" time="8.099"/>
  <testcase classname="com.sevenmartsupermarket.tests.ManageNewsTest" name="verifyAddNews" time="5.322"/>
  <testcase classname="com.sevenmartsupermarket.tests.ManageNewsTest" name="verifyAddNews" time="6.127"/>
</testsuite> <!-- com.sevenmartsupermarket.tests.ManageNewsTest -->
