<?xml version="1.0" encoding="UTF-8"?>
<!-- Generated by org.testng.reporters.JUnitReportReporter -->
<testsuite hostname="DESKTOP-14E9C6J" failures="0" tests="1" name="com.sevenmartsupermarket.tests.ManageProductTest" time="8.628" errors="0" timestamp="2025-05-31T21:14:40 IST" skipped="0">
  <testcase classname="com.sevenmartsupermarket.tests.ManageProductTest" name="verifyPepsodentProductEditButton" time="8.628"/>
</testsuite> <!-- com.sevenmartsupermarket.tests.ManageProductTest -->
