<?xml version="1.0" encoding="UTF-8"?>
<!-- Generated by org.testng.reporters.JUnitReportReporter -->
<testsuite hostname="DESKTOP-14E9C6J" failures="0" tests="1" name="com.sevenmartsupermarket.tests.HomeTest" time="25.335" errors="0" timestamp="2025-05-31T20:54:57 IST" skipped="0">
  <testcase classname="com.sevenmartsupermarket.tests.HomeTest" name="verifyManageNewsMoreInfo" time="25.335"/>
</testsuite> <!-- com.sevenmartsupermarket.tests.HomeTest -->
