<?xml version="1.0" encoding="UTF-8"?>
<!-- Generated by org.testng.reporters.JUnitReportReporter -->
<testsuite hostname="DESKTOP-14E9C6J" failures="0" tests="1" name="com.sevenmartsupermarket.tests.AdminUserTest" time="41.800" errors="0" timestamp="2025-05-23T07:59:07 IST" skipped="0">
  <testcase classname="com.sevenmartsupermarket.tests.AdminUserTest" name="verifyAdminUserPageNewButton" time="41.800"/>
</testsuite> <!-- com.sevenmartsupermarket.tests.AdminUserTest -->
