<?xml version="1.0" encoding="UTF-8"?>
<!-- Generated by org.testng.reporters.JUnitReportReporter -->
<testsuite hostname="DESKTOP-14E9C6J" failures="0" tests="1" name="com.sevenmartsupermarket.tests.EditProductTest" time="16.440" errors="0" timestamp="2025-06-02T08:16:06 IST" skipped="0">
  <testcase classname="com.sevenmartsupermarket.tests.EditProductTest" name="verifyAbletoEditMainImage" time="16.440"/>
</testsuite> <!-- com.sevenmartsupermarket.tests.EditProductTest -->
